# JRE version: Java(TM) SE Runtime Environment (8.0_101-b13) (build 1.8.0_101-b13)
# Java VM: Java HotSpot(TM) 64-Bit Server VM (25.101-b13 mixed mode bsd-amd64 compressed oops)
Heap:
 PSYoungGen      total 1012736K, used 944288K [0x000000076ab00000, 0x00000007aae00000, 0x00000007c0000000)
  eden space 973824K, 96% used [0x000000076ab00000,0x00000007a45283b8,0x00000007a6200000)
  from space 38912K, 0% used [0x00000007a8800000,0x00000007a8800000,0x00000007aae00000)
  to   space 38912K, 0% used [0x00000007a6200000,0x00000007a6200000,0x00000007a8800000)
 ParOldGen       total 198144K, used 184020K [0x00000006c0000000, 0x00000006cc180000, 0x000000076ab00000)
  object space 198144K, 92% used [0x00000006c0000000,0x00000006cb3b5178,0x00000006cc180000)
 Metaspace       used 111486K, capacity 118110K, committed 118292K, reserved 1153024K
  class space    used 13287K, capacity 14558K, committed 14652K, reserved 1048576K
GC Heap History (10 events):
Event: 1683.062 GC heap before
{Heap before GC invocations=41 (full 13):
 PSYoungGen      total 1013760K, used 13679K [0x000000076ab00000, 0x00000007ab100000, 0x00000007c0000000)
  eden space 973824K, 0% used [0x000000076ab00000,0x000000076ab00000,0x00000007a6200000)
  from space 39936K, 34% used [0x00000007a8a00000,0x00000007a975bf18,0x00000007ab100000)
  to   space 40448K, 0% used [0x00000007a6200000,0x00000007a6200000,0x00000007a8980000)
 ParOldGen       total 198144K, used 151240K [0x00000006c0000000, 0x00000006cc180000, 0x000000076ab00000)
  object space 198144K, 76% used [0x00000006c0000000,0x00000006c93b22d0,0x00000006cc180000)
 Metaspace       used 105755K, capacity 112228K, committed 112404K, reserved 1146880K
  class space    used 12897K, capacity 14081K, committed 14140K, reserved 1048576K
Event: 1683.963 GC heap after
Heap after GC invocations=41 (full 13):
 PSYoungGen      total 1013760K, used 0K [0x000000076ab00000, 0x00000007ab100000, 0x00000007c0000000)
  eden space 973824K, 0% used [0x000000076ab00000,0x000000076ab00000,0x00000007a6200000)
  from space 39936K, 0% used [0x00000007a8a00000,0x00000007a8a00000,0x00000007ab100000)
  to   space 40448K, 0% used [0x00000007a6200000,0x00000007a6200000,0x00000007a8980000)
 ParOldGen       total 198144K, used 151968K [0x00000006c0000000, 0x00000006cc180000, 0x000000076ab00000)
  object space 198144K, 76% used [0x00000006c0000000,0x00000006c9468090,0x00000006cc180000)
 Metaspace       used 105717K, capacity 112168K, committed 112404K, reserved 1146880K
  class space    used 12892K, capacity 14071K, committed 14140K, reserved 1048576K
}
Event: 1696.474 GC heap before
{Heap before GC invocations=42 (full 13):
 PSYoungGen      total 1013760K, used 791996K [0x000000076ab00000, 0x00000007ab100000, 0x00000007c0000000)
  eden space 973824K, 81% used [0x000000076ab00000,0x000000079b06f2c0,0x00000007a6200000)
  from space 39936K, 0% used [0x00000007a8a00000,0x00000007a8a00000,0x00000007ab100000)
  to   space 40448K, 0% used [0x00000007a6200000,0x00000007a6200000,0x00000007a8980000)
 ParOldGen       total 198144K, used 151968K [0x00000006c0000000, 0x00000006cc180000, 0x000000076ab00000)
  object space 198144K, 76% used [0x00000006c0000000,0x00000006c9468090,0x00000006cc180000)
 Metaspace       used 107368K, capacity 113890K, committed 114068K, reserved 1148928K
  class space    used 13008K, capacity 14223K, committed 14268K, reserved 1048576K
Event: 1696.502 GC heap after
Heap after GC invocations=42 (full 13):
 PSYoungGen      total 996864K, used 22827K [0x000000076ab00000, 0x00000007aae00000, 0x00000007c0000000)
  eden space 973824K, 0% used [0x000000076ab00000,0x000000076ab00000,0x00000007a6200000)
  from space 23040K, 99% used [0x00000007a6200000,0x00000007a784af18,0x00000007a7880000)
  to   space 38912K, 0% used [0x00000007a8800000,0x00000007a8800000,0x00000007aae00000)
 ParOldGen       total 198144K, used 151976K [0x00000006c0000000, 0x00000006cc180000, 0x000000076ab00000)
  object space 198144K, 76% used [0x00000006c0000000,0x00000006c946a090,0x00000006cc180000)
 Metaspace       used 107368K, capacity 113890K, committed 114068K, reserved 1148928K
  class space    used 13008K, capacity 14223K, committed 14268K, reserved 1048576K
}
Event: 1696.502 GC heap before
{Heap before GC invocations=43 (full 14):
 PSYoungGen      total 996864K, used 22827K [0x000000076ab00000, 0x00000007aae00000, 0x00000007c0000000)
  eden space 973824K, 0% used [0x000000076ab00000,0x000000076ab00000,0x00000007a6200000)
  from space 23040K, 99% used [0x00000007a6200000,0x00000007a784af18,0x00000007a7880000)
  to   space 38912K, 0% used [0x00000007a8800000,0x00000007a8800000,0x00000007aae00000)
 ParOldGen       total 198144K, used 151976K [0x00000006c0000000, 0x00000006cc180000, 0x000000076ab00000)
  object space 198144K, 76% used [0x00000006c0000000,0x00000006c946a090,0x00000006cc180000)
 Metaspace       used 107368K, capacity 113890K, committed 114068K, reserved 1148928K
  class space    used 13008K, capacity 14223K, committed 14268K, reserved 1048576K
Event: 1697.157 GC heap after
Heap after GC invocations=43 (full 14):
 PSYoungGen      total 996864K, used 0K [0x000000076ab00000, 0x00000007aae00000, 0x00000007c0000000)
  eden space 973824K, 0% used [0x000000076ab00000,0x000000076ab00000,0x00000007a6200000)
  from space 23040K, 0% used [0x00000007a6200000,0x00000007a6200000,0x00000007a7880000)
  to   space 38912K, 0% used [0x00000007a8800000,0x00000007a8800000,0x00000007aae00000)
 ParOldGen       total 198144K, used 172002K [0x00000006c0000000, 0x00000006cc180000, 0x000000076ab00000)
  object space 198144K, 86% used [0x00000006c0000000,0x00000006ca7f8ad0,0x00000006cc180000)
 Metaspace       used 107330K, capacity 113830K, committed 114068K, reserved 1148928K
  class space    used 13003K, capacity 14213K, committed 14268K, reserved 1048576K
}
Event: 1799.853 GC heap before
{Heap before GC invocations=44 (full 14):
 PSYoungGen      total 996864K, used 865424K [0x000000076ab00000, 0x00000007aae00000, 0x00000007c0000000)
  eden space 973824K, 88% used [0x000000076ab00000,0x000000079f824208,0x00000007a6200000)
  from space 23040K, 0% used [0x00000007a6200000,0x00000007a6200000,0x00000007a7880000)
  to   space 38912K, 0% used [0x00000007a8800000,0x00000007a8800000,0x00000007aae00000)
 ParOldGen       total 198144K, used 172002K [0x00000006c0000000, 0x00000006cc180000, 0x000000076ab00000)
  object space 198144K, 86% used [0x00000006c0000000,0x00000006ca7f8ad0,0x00000006cc180000)
 Metaspace       used 109533K, capacity 116052K, committed 116244K, reserved 1150976K
  class space    used 13154K, capacity 14377K, committed 14396K, reserved 1048576K
Event: 1799.876 GC heap after
Heap after GC invocations=44 (full 14):
 PSYoungGen      total 1012736K, used 25249K [0x000000076ab00000, 0x00000007aae00000, 0x00000007c0000000)
  eden space 973824K, 0% used [0x000000076ab00000,0x000000076ab00000,0x00000007a6200000)
  from space 38912K, 64% used [0x00000007a8800000,0x00000007aa0a85c0,0x00000007aae00000)
  to   space 38912K, 0% used [0x00000007a6200000,0x00000007a6200000,0x00000007a8800000)
 ParOldGen       total 198144K, used 172010K [0x00000006c0000000, 0x00000006cc180000, 0x000000076ab00000)
  object space 198144K, 86% used [0x00000006c0000000,0x00000006ca7faad0,0x00000006cc180000)
 Metaspace       used 109533K, capacity 116052K, committed 116244K, reserved 1150976K
  class space    used 13154K, capacity 14377K, committed 14396K, reserved 1048576K
}
Event: 1799.876 GC heap before
{Heap before GC invocations=45 (full 15):
 PSYoungGen      total 1012736K, used 25249K [0x000000076ab00000, 0x00000007aae00000, 0x00000007c0000000)
  eden space 973824K, 0% used [0x000000076ab00000,0x000000076ab00000,0x00000007a6200000)
  from space 38912K, 64% used [0x00000007a8800000,0x00000007aa0a85c0,0x00000007aae00000)
  to   space 38912K, 0% used [0x00000007a6200000,0x00000007a6200000,0x00000007a8800000)
 ParOldGen       total 198144K, used 172010K [0x00000006c0000000, 0x00000006cc180000, 0x000000076ab00000)
  object space 198144K, 86% used [0x00000006c0000000,0x00000006ca7faad0,0x00000006cc180000)
 Metaspace       used 109533K, capacity 116052K, committed 116244K, reserved 1150976K
  class space    used 13154K, capacity 14377K, committed 14396K, reserved 1048576K
Event: 1800.744 GC heap after
Heap after GC invocations=45 (full 15):
 PSYoungGen      total 1012736K, used 0K [0x000000076ab00000, 0x00000007aae00000, 0x00000007c0000000)
  eden space 973824K, 0% used [0x000000076ab00000,0x000000076ab00000,0x00000007a6200000)
  from space 38912K, 0% used [0x00000007a8800000,0x00000007a8800000,0x00000007aae00000)
  to   space 38912K, 0% used [0x00000007a6200000,0x00000007a6200000,0x00000007a8800000)
 ParOldGen       total 198144K, used 184020K [0x00000006c0000000, 0x00000006cc180000, 0x000000076ab00000)
  object space 198144K, 92% used [0x00000006c0000000,0x00000006cb3b5178,0x00000006cc180000)
 Metaspace       used 109495K, capacity 115992K, committed 116244K, reserved 1150976K
  class space    used 13148K, capacity 14367K, committed 14396K, reserved 1048576K
}

